<?xml version="1.0" encoding="UTF-8"?>
<testng-results skipped="0" failed="0" ignored="0" total="2" passed="2">
  <reporter-output>
  </reporter-output>
  <suite name="Suite" duration-ms="73" started-at="2021-05-12T21:47:57 UTC" finished-at="2021-05-12T21:47:57 UTC">
    <groups>
    </groups>
    <test name="Test" duration-ms="73" started-at="2021-05-12T21:47:57 UTC" finished-at="2021-05-12T21:47:57 UTC">
      <class name="com.learn.annotations.TestAnnotations">
        <test-method status="PASS" signature="beforeTest()[pri:0, instance:com.learn.annotations.TestAnnotations@5c5a1b69]" name="beforeTest" is-config="true" duration-ms="13" started-at="2021-05-12T21:47:57 UTC" finished-at="2021-05-12T21:47:57 UTC">
          <reporter-output>
          </reporter-output>
        </test-method> <!-- beforeTest -->
        <test-method status="PASS" signature="beforeClass()[pri:0, instance:com.learn.annotations.TestAnnotations@5c5a1b69]" name="beforeClass" is-config="true" duration-ms="1" started-at="2021-05-12T21:47:57 UTC" finished-at="2021-05-12T21:47:57 UTC">
          <reporter-output>
          </reporter-output>
        </test-method> <!-- beforeClass -->
        <test-method status="PASS" signature="beforeMethod()[pri:0, instance:com.learn.annotations.TestAnnotations@5c5a1b69]" name="beforeMethod" is-config="true" duration-ms="1" started-at="2021-05-12T21:47:57 UTC" finished-at="2021-05-12T21:47:57 UTC">
          <reporter-output>
          </reporter-output>
        </test-method> <!-- beforeMethod -->
        <test-method status="PASS" signature="test1()[pri:0, instance:com.learn.annotations.TestAnnotations@5c5a1b69]" name="test1" duration-ms="5" started-at="2021-05-12T21:47:57 UTC" finished-at="2021-05-12T21:47:57 UTC">
          <reporter-output>
          </reporter-output>
        </test-method> <!-- test1 -->
        <test-method status="PASS" signature="afterMethod()[pri:0, instance:com.learn.annotations.TestAnnotations@5c5a1b69]" name="afterMethod" is-config="true" duration-ms="1" started-at="2021-05-12T21:47:57 UTC" finished-at="2021-05-12T21:47:57 UTC">
          <reporter-output>
          </reporter-output>
        </test-method> <!-- afterMethod -->
        <test-method status="PASS" signature="test2()[pri:0, instance:com.learn.annotations.TestAnnotations@5c5a1b69]" name="test2" duration-ms="1" started-at="2021-05-12T21:47:57 UTC" finished-at="2021-05-12T21:47:57 UTC">
          <reporter-output>
          </reporter-output>
        </test-method> <!-- test2 -->
        <test-method status="PASS" signature="beforeMethod()[pri:0, instance:com.learn.annotations.TestAnnotations@5c5a1b69]" name="beforeMethod" is-config="true" duration-ms="0" started-at="2021-05-12T21:47:57 UTC" finished-at="2021-05-12T21:47:57 UTC">
          <reporter-output>
          </reporter-output>
        </test-method> <!-- beforeMethod -->
        <test-method status="PASS" signature="afterMethod()[pri:0, instance:com.learn.annotations.TestAnnotations@5c5a1b69]" name="afterMethod" is-config="true" duration-ms="0" started-at="2021-05-12T21:47:57 UTC" finished-at="2021-05-12T21:47:57 UTC">
          <reporter-output>
          </reporter-output>
        </test-method> <!-- afterMethod -->
        <test-method status="PASS" signature="afterClass()[pri:0, instance:com.learn.annotations.TestAnnotations@5c5a1b69]" name="afterClass" is-config="true" duration-ms="0" started-at="2021-05-12T21:47:57 UTC" finished-at="2021-05-12T21:47:57 UTC">
          <reporter-output>
          </reporter-output>
        </test-method> <!-- afterClass -->
        <test-method status="PASS" signature="afterTest()[pri:0, instance:com.learn.annotations.TestAnnotations@5c5a1b69]" name="afterTest" is-config="true" duration-ms="0" started-at="2021-05-12T21:47:57 UTC" finished-at="2021-05-12T21:47:57 UTC">
          <reporter-output>
          </reporter-output>
        </test-method> <!-- afterTest -->
      </class> <!-- com.learn.annotations.TestAnnotations -->
    </test> <!-- Test -->
  </suite> <!-- Suite -->
</testng-results>
